2022-05-01 23:40:24 INFO  Base:16 - MVC Application loaded in Browser......
2022-05-01 23:40:24 INFO  Base:17 - To do has created with name : Pay Mobile Bill
2022-05-01 23:40:24 INFO  Base:28 - Newly created TODO has been validated
2022-05-01 23:40:24 INFO  Base:16 - MVC Application loaded in Browser......
2022-05-01 23:40:25 INFO  Base:17 - To do has created with name : test1
2022-05-01 23:40:25 INFO  Base:28 - Newly created TODO has been validated
2022-05-01 23:40:25 INFO  Base:16 - MVC Application loaded in Browser......
2022-05-01 23:40:25 INFO  Base:17 - To do has created with name : test2
2022-05-01 23:40:25 INFO  Base:28 - Newly created TODO has been validated
2022-05-01 23:40:25 INFO  Base:16 - MVC Application loaded in Browser......
2022-05-01 23:40:25 INFO  Base:17 - To do has created with name : test3
2022-05-01 23:40:25 INFO  Base:28 - Newly created TODO has been validated
2022-05-01 23:40:26 INFO  Base:16 - MVC Application loaded in Browser......
2022-05-01 23:40:26 INFO  Base:34 - Selected the filters option : Active
2022-05-01 23:40:28 INFO  Base:48 - Selected Active filter option
2022-05-01 23:40:28 INFO  Base:16 - MVC Application loaded in Browser......
2022-05-01 23:40:28 INFO  Base:61 - Marked as completed in first todo from list
2022-05-01 23:40:30 INFO  Base:69 - Verified todo in completed list, which was marked in previous steps
2022-05-01 23:40:30 INFO  Base:16 - MVC Application loaded in Browser......
2022-05-01 23:40:30 INFO  Base:34 - Selected the filters option : All
2022-05-01 23:40:32 INFO  Base:41 - Selected All filter option
2022-05-01 23:40:33 INFO  Base:16 - MVC Application loaded in Browser......
2022-05-01 23:40:33 INFO  Base:34 - Selected the filters option : Completed
2022-05-01 23:40:35 INFO  Base:55 - Selected Completed filters option
2022-05-01 23:40:52 INFO  Base:16 - MVC Application loaded in Browser......
2022-05-01 23:40:52 INFO  Base:17 - To do has created with name : Pay Mobile Bill
2022-05-01 23:40:53 INFO  Base:28 - Newly created TODO has been validated
2022-05-01 23:40:53 INFO  Base:16 - MVC Application loaded in Browser......
2022-05-01 23:40:53 INFO  Base:17 - To do has created with name : test1
2022-05-01 23:40:53 INFO  Base:28 - Newly created TODO has been validated
2022-05-01 23:40:53 INFO  Base:16 - MVC Application loaded in Browser......
2022-05-01 23:40:53 INFO  Base:17 - To do has created with name : test2
2022-05-01 23:40:53 INFO  Base:28 - Newly created TODO has been validated
2022-05-01 23:40:53 INFO  Base:16 - MVC Application loaded in Browser......
2022-05-01 23:40:54 INFO  Base:17 - To do has created with name : test3
2022-05-01 23:40:54 INFO  Base:28 - Newly created TODO has been validated
2022-05-01 23:40:54 INFO  Base:16 - MVC Application loaded in Browser......
2022-05-01 23:40:54 INFO  Base:34 - Selected the filters option : Active
2022-05-01 23:40:56 INFO  Base:48 - Selected Active filter option
2022-05-01 23:40:56 INFO  Base:16 - MVC Application loaded in Browser......
2022-05-01 23:40:56 INFO  Base:61 - Marked as completed in first todo from list
2022-05-01 23:40:58 INFO  Base:69 - Verified todo in completed list, which was marked in previous steps
2022-05-01 23:40:59 INFO  Base:16 - MVC Application loaded in Browser......
2022-05-01 23:40:59 INFO  Base:34 - Selected the filters option : All
2022-05-01 23:41:01 INFO  Base:41 - Selected All filter option
2022-05-01 23:41:01 INFO  Base:16 - MVC Application loaded in Browser......
2022-05-01 23:41:01 INFO  Base:34 - Selected the filters option : Completed
2022-05-01 23:41:03 INFO  Base:55 - Selected Completed filters option
